# JRE version: OpenJDK Runtime Environment (Zulu11.33+15-CA) (11.0.4+11) (build 11.0.4+11-LTS)
# Java VM: OpenJDK 64-Bit Server VM (11.0.4+11-LTS, mixed mode, tiered, compressed oops, g1 gc, bsd-amd64)
Heap:
 garbage-first heap   total 131072K, used 49036K [0x0000000780000000, 0x0000000800000000)
  region size 1024K, 37 young (37888K), 1 survivors (1024K)
 Metaspace       used 14873K, capacity 15191K, committed 15616K, reserved 1062912K
  class space    used 1596K, capacity 1729K, committed 1792K, reserved 1048576K
GC Heap History (10 events):
Event: 59384.426 GC heap before
{Heap before GC invocations=57 (full 0):
 garbage-first heap   total 131072K, used 90000K [0x0000000780000000, 0x0000000800000000)
  region size 1024K, 76 young (77824K), 1 survivors (1024K)
 Metaspace       used 14869K, capacity 15191K, committed 15616K, reserved 1062912K
  class space    used 1596K, capacity 1729K, committed 1792K, reserved 1048576K
}
Event: 59384.427 GC heap after
{Heap after GC invocations=58 (full 0):
 garbage-first heap   total 131072K, used 13191K [0x0000000780000000, 0x0000000800000000)
  region size 1024K, 1 young (1024K), 1 survivors (1024K)
 Metaspace       used 14869K, capacity 15191K, committed 15616K, reserved 1062912K
  class space    used 1596K, capacity 1729K, committed 1792K, reserved 1048576K
}
Event: 59384.774 GC heap before
{Heap before GC invocations=58 (full 0):
 garbage-first heap   total 131072K, used 89991K [0x0000000780000000, 0x0000000800000000)
  region size 1024K, 76 young (77824K), 1 survivors (1024K)
 Metaspace       used 14869K, capacity 15191K, committed 15616K, reserved 1062912K
  class space    used 1596K, capacity 1729K, committed 1792K, reserved 1048576K
}
Event: 59384.775 GC heap after
{Heap after GC invocations=59 (full 0):
 garbage-first heap   total 131072K, used 13194K [0x0000000780000000, 0x0000000800000000)
  region size 1024K, 1 young (1024K), 1 survivors (1024K)
 Metaspace       used 14869K, capacity 15191K, committed 15616K, reserved 1062912K
  class space    used 1596K, capacity 1729K, committed 1792K, reserved 1048576K
}
Event: 60066.183 GC heap before
{Heap before GC invocations=59 (full 0):
 garbage-first heap   total 131072K, used 100234K [0x0000000780000000, 0x0000000800000000)
  region size 1024K, 76 young (77824K), 1 survivors (1024K)
 Metaspace       used 14873K, capacity 15191K, committed 15616K, reserved 1062912K
  class space    used 1596K, capacity 1729K, committed 1792K, reserved 1048576K
}
Event: 60066.184 GC heap after
{Heap after GC invocations=60 (full 0):
 garbage-first heap   total 131072K, used 13259K [0x0000000780000000, 0x0000000800000000)
  region size 1024K, 1 young (1024K), 1 survivors (1024K)
 Metaspace       used 14873K, capacity 15191K, committed 15616K, reserved 1062912K
  class space    used 1596K, capacity 1729K, committed 1792K, reserved 1048576K
}
Event: 60066.401 GC heap before
{Heap before GC invocations=60 (full 0):
 garbage-first heap   total 131072K, used 90059K [0x0000000780000000, 0x0000000800000000)
  region size 1024K, 76 young (77824K), 1 survivors (1024K)
 Metaspace       used 14873K, capacity 15191K, committed 15616K, reserved 1062912K
  class space    used 1596K, capacity 1729K, committed 1792K, reserved 1048576K
}
Event: 60066.401 GC heap after
{Heap after GC invocations=61 (full 0):
 garbage-first heap   total 131072K, used 13192K [0x0000000780000000, 0x0000000800000000)
  region size 1024K, 1 young (1024K), 1 survivors (1024K)
 Metaspace       used 14873K, capacity 15191K, committed 15616K, reserved 1062912K
  class space    used 1596K, capacity 1729K, committed 1792K, reserved 1048576K
}
Event: 60066.627 GC heap before
{Heap before GC invocations=61 (full 0):
 garbage-first heap   total 131072K, used 89992K [0x0000000780000000, 0x0000000800000000)
  region size 1024K, 76 young (77824K), 1 survivors (1024K)
 Metaspace       used 14873K, capacity 15191K, committed 15616K, reserved 1062912K
  class space    used 1596K, capacity 1729K, committed 1792K, reserved 1048576K
}
Event: 60066.627 GC heap after
{Heap after GC invocations=62 (full 0):
 garbage-first heap   total 131072K, used 13196K [0x0000000780000000, 0x0000000800000000)
  region size 1024K, 1 young (1024K), 1 survivors (1024K)
 Metaspace       used 14873K, capacity 15191K, committed 15616K, reserved 1062912K
  class space    used 1596K, capacity 1729K, committed 1792K, reserved 1048576K
}

